
[2026-03-17T18:15:09.313201] PID 11124: NEW -> READY | Process added to ready queue
[2026-03-17T18:15:11.801573] PID 11124: READY -> RUNNING | report process executing exec() workload
[2026-03-17T18:15:13.938025] PID 7184: NEW -> READY | Process added to ready queue
[2026-03-17T18:15:14.842567] PID 11124: RUNNING -> WAITING | report process reached wait() barrier
[2026-03-17T18:15:15.368789] PID 11124: WAITING -> TERMINATED | report process completed payload: {'scope': 'dashboard'}
[2026-03-17T18:15:16.006156] PID 7684: NEW -> READY | Process added to ready queue
[2026-03-17T18:15:16.074041] PID 11124: TERMINATED -> TERMINATED | Cleanup thread marked orphaned process as terminated
[2026-03-17T18:15:16.836664] PID 9592: NEW -> READY | Process added to ready queue
[2026-03-17T18:15:17.085624] PID 18028: NEW -> READY | Process added to ready queue
[2026-03-17T18:15:17.261605] PID 19424: NEW -> READY | Process added to ready queue
[2026-03-17T18:15:17.455775] PID 9616: NEW -> READY | Process added to ready queue
[2026-03-17T18:15:17.721131] PID 7184: READY -> RUNNING | report process executing exec() workload
[2026-03-17T18:15:17.834339] PID 3124: NEW -> READY | Process added to ready queue
[2026-03-17T18:15:20.851681] PID 7184: RUNNING -> WAITING | report process reached wait() barrier
[2026-03-17T18:15:21.482274] PID 7184: WAITING -> TERMINATED | report process completed payload: {'scope': 'dashboard'}
[2026-03-17T18:15:22.584839] PID 7684: READY -> RUNNING | report process executing exec() workload
[2026-03-17T18:15:24.670765] PID 9592: READY -> RUNNING | report process executing exec() workload
[2026-03-17T18:15:25.000258] PID 18028: READY -> RUNNING | report process executing exec() workload
[2026-03-17T18:15:25.316337] PID 10232: READY -> RUNNING | report process executing exec() workload
[2026-03-17T18:15:25.441758] PID 3124: READY -> RUNNING | report process executing exec() workload
[2026-03-17T18:15:25.542806] PID 9616: READY -> RUNNING | report process executing exec() workload
[2026-03-17T18:15:25.631939] PID 7684: RUNNING -> WAITING | report process reached wait() barrier
[2026-03-17T18:15:26.173370] PID 7684: WAITING -> TERMINATED | report process completed payload: {'scope': 'dashboard'}
[2026-03-17T18:15:27.741942] PID 9592: RUNNING -> WAITING | report process reached wait() barrier
[2026-03-17T18:15:28.056634] PID 18028: RUNNING -> WAITING | report process reached wait() barrier
[2026-03-17T18:15:28.283824] PID 9592: WAITING -> TERMINATED | report process completed payload: {'scope': 'dashboard'}
[2026-03-17T18:15:28.376217] PID 19424: RUNNING -> WAITING | report process reached wait() barrier
[2026-03-17T18:15:28.397581] PID 10232: RUNNING -> WAITING | report process reached wait() barrier
[2026-03-17T18:15:28.488549] PID 3124: RUNNING -> WAITING | report process reached wait() barrier
[2026-03-17T18:15:28.593933] PID 9616: RUNNING -> WAITING | report process reached wait() barrier
[2026-03-17T18:15:28.617869] PID 18028: WAITING -> TERMINATED | report process completed payload: {'scope': 'dashboard'}
[2026-03-17T18:15:28.908348] PID 19424: WAITING -> TERMINATED | report process completed payload: {'scope': 'dashboard'}
[2026-03-17T18:15:28.930983] PID 10232: WAITING -> TERMINATED | report process completed payload: {'scope': 'dashboard'}
[2026-03-17T18:15:29.025711] PID 3124: WAITING -> TERMINATED | report process completed payload: {'scope': 'dashboard'}
[2026-03-17T18:15:29.134395] PID 9616: WAITING -> TERMINATED | report process completed payload: {'scope': 'dashboard'}
