
[2026-03-17T17:10:52.963859] Added task TASK-5328B67A (EMAIL) burst=2s priority=8
[2026-03-17T17:11:53.059817] Added task TASK-BC50B7B7 (EMAIL) burst=2s priority=8
[2026-03-17T17:11:53.412636] Added task TASK-05ACCBA0 (REPORT) burst=10s priority=5
[2026-03-17T17:12:53.154803] Added task TASK-85675412 (EMAIL) burst=2s priority=8
[2026-03-17T17:13:53.267387] Added task TASK-4BD65DAB (EMAIL) burst=2s priority=8
[2026-03-17T17:14:53.364548] Added task TASK-BD5F9233 (EMAIL) burst=2s priority=8
[2026-03-17T17:15:53.483243] Added task TASK-D6ED2044 (EMAIL) burst=2s priority=8
[2026-03-17T17:16:53.623168] Added task TASK-7669C8D2 (EMAIL) burst=2s priority=8
[2026-03-17T17:17:53.725355] Added task TASK-C413028A (EMAIL) burst=2s priority=8
[2026-03-17T17:18:53.832141] Added task TASK-0A6971A0 (EMAIL) burst=2s priority=8
[2026-03-17T17:19:53.995623] Added task TASK-14553D20 (EMAIL) burst=2s priority=8
[2026-03-17T17:20:54.184570] Added task TASK-C0E683A5 (EMAIL) burst=2s priority=8
[2026-03-17T17:21:54.305367] Added task TASK-722CA9BF (EMAIL) burst=2s priority=8
[2026-03-17T17:22:54.438918] Added task TASK-FD68D11A (EMAIL) burst=2s priority=8
[2026-03-17T17:23:54.548623] Added task TASK-93FB194B (EMAIL) burst=2s priority=8
[2026-03-17T17:24:54.669212] Added task TASK-BF8E4768 (EMAIL) burst=2s priority=8
[2026-03-17T17:25:54.787386] Added task TASK-11E79384 (EMAIL) burst=2s priority=8
[2026-03-17T17:26:54.889396] Added task TASK-2F19D536 (EMAIL) burst=2s priority=8
[2026-03-17T17:27:55.001204] Added task TASK-132E0A9F (EMAIL) burst=2s priority=8
[2026-03-17T18:08:58.125753] Added task TASK-53936A19 (EMAIL) burst=2s priority=8
[2026-03-17T18:12:05.318037] Added task TASK-8DC67148 (EMAIL) burst=2s priority=8
[2026-03-17T18:13:05.431918] Added task TASK-54843BFB (EMAIL) burst=2s priority=8
[2026-03-17T18:15:04.768044] Added task TASK-309EDE80 (EMAIL) burst=2s priority=8
[2026-03-17T18:15:09.215117] Added task TASK-FA0908F9 (REPORT) burst=10s priority=5
[2026-03-17T18:15:12.313437] Added task TASK-FE86A22E (REPORT) burst=10s priority=5
[2026-03-17T18:15:13.856104] Added task TASK-B91A73E3 (REPORT) burst=10s priority=5
[2026-03-17T18:15:15.894808] Added task TASK-1ED8F49B (REPORT) burst=10s priority=5
[2026-03-17T18:15:16.738156] Added task TASK-A654FB44 (REPORT) burst=10s priority=5
[2026-03-17T18:15:16.937615] Added task TASK-71B043AA (REPORT) burst=10s priority=5
[2026-03-17T18:15:17.160886] Added task TASK-F50B8F64 (REPORT) burst=10s priority=5
[2026-03-17T18:15:17.333037] Added task TASK-EF3DF010 (REPORT) burst=10s priority=5
[2026-03-17T18:15:17.468172] Added task TASK-B3840168 (REPORT) burst=10s priority=5
[2026-03-17T18:15:17.693096] Added task TASK-EEC6E10C (REPORT) burst=10s priority=5
[2026-03-17T18:15:25.770957] FCFS dispatch TASK-309EDE80 for 2s
[2026-03-17T18:15:27.788627] FCFS dispatch TASK-FA0908F9 for 10s
[2026-03-17T18:15:29.778737] SJF dispatch TASK-309EDE80 for 2s
[2026-03-17T18:15:31.792363] SJF dispatch TASK-FA0908F9 for 10s
[2026-03-17T18:15:37.801069] FCFS dispatch TASK-FE86A22E for 10s
[2026-03-17T18:15:41.805841] SJF dispatch TASK-FE86A22E for 10s
[2026-03-17T18:15:47.816920] FCFS dispatch TASK-B91A73E3 for 10s
[2026-03-17T18:15:51.821025] SJF dispatch TASK-B91A73E3 for 10s
[2026-03-17T18:15:57.859573] FCFS dispatch TASK-1ED8F49B for 10s
[2026-03-17T18:16:01.837206] SJF dispatch TASK-1ED8F49B for 10s
[2026-03-17T18:16:04.871876] Added task TASK-ADE1C85D (EMAIL) burst=2s priority=8
[2026-03-17T18:16:07.872209] FCFS dispatch TASK-A654FB44 for 10s
[2026-03-17T18:16:11.873139] SJF dispatch TASK-A654FB44 for 10s
[2026-03-17T18:16:17.889157] FCFS dispatch TASK-71B043AA for 10s
[2026-03-17T18:16:21.883432] SJF dispatch TASK-71B043AA for 10s
[2026-03-17T18:16:27.902684] FCFS dispatch TASK-F50B8F64 for 10s
[2026-03-17T18:22:08.349927] Added task TASK-739073D1 (EMAIL) burst=2s priority=8
[2026-03-17T18:31:58.333764] Added task TASK-F010352B (EMAIL) burst=2s priority=8
[2026-03-17T18:57:06.736307] Added task TASK-526D685F (EMAIL) burst=2s priority=8
[2026-03-25T05:29:19.967123] Added task TASK-BD066DCD (EMAIL) burst=2s priority=8
[2026-03-25T05:30:20.296378] Added task TASK-7D60488C (EMAIL) burst=2s priority=8
[2026-03-25T05:31:20.488306] Added task TASK-AC5AD94C (EMAIL) burst=2s priority=8
[2026-03-25T05:32:20.674551] Added task TASK-A1F74DAB (EMAIL) burst=2s priority=8
[2026-03-25T05:33:20.866083] Added task TASK-DEDF4A03 (EMAIL) burst=2s priority=8
[2026-03-25T05:34:21.014871] Added task TASK-729A6864 (EMAIL) burst=2s priority=8
[2026-03-25T05:35:21.183808] Added task TASK-36448C44 (EMAIL) burst=2s priority=8
[2026-03-25T05:36:21.421388] Added task TASK-B69711D7 (EMAIL) burst=2s priority=8
[2026-03-25T05:37:21.671341] Added task TASK-BAB22B16 (EMAIL) burst=2s priority=8
[2026-03-25T05:38:22.012505] Added task TASK-51415DC9 (EMAIL) burst=2s priority=8
[2026-03-25T05:39:22.158063] Added task TASK-81CF10DC (EMAIL) burst=2s priority=8
[2026-03-25T05:40:22.295220] Added task TASK-6CC79E05 (EMAIL) burst=2s priority=8
[2026-03-25T05:41:22.424611] Added task TASK-81F161F6 (EMAIL) burst=2s priority=8
[2026-03-25T05:42:22.594079] Added task TASK-89AD608A (EMAIL) burst=2s priority=8
[2026-03-25T05:43:22.819917] Added task TASK-B2ECAD1B (EMAIL) burst=2s priority=8
[2026-03-25T05:44:23.283372] Added task TASK-553C75A6 (EMAIL) burst=2s priority=8
[2026-03-25T05:45:23.560478] Added task TASK-E297768B (EMAIL) burst=2s priority=8
[2026-03-25T05:46:23.744331] Added task TASK-644B1DC6 (EMAIL) burst=2s priority=8
[2026-03-25T05:47:23.922181] Added task TASK-8E879FEA (EMAIL) burst=2s priority=8
[2026-03-25T05:48:24.099854] Added task TASK-D9214021 (EMAIL) burst=2s priority=8
[2026-03-25T05:49:24.278155] Added task TASK-E20C6BB9 (EMAIL) burst=2s priority=8
[2026-03-25T05:50:24.591539] Added task TASK-7EEB5BA9 (EMAIL) burst=2s priority=8
[2026-03-25T05:51:24.722246] Added task TASK-D6F49A46 (EMAIL) burst=2s priority=8
[2026-03-25T05:52:24.883989] Added task TASK-E3018871 (EMAIL) burst=2s priority=8
[2026-03-25T05:53:25.089840] Added task TASK-6F2A7778 (EMAIL) burst=2s priority=8
[2026-03-25T05:54:25.270540] Added task TASK-578672B0 (EMAIL) burst=2s priority=8
[2026-03-25T05:55:25.485994] Added task TASK-D86C8B36 (EMAIL) burst=2s priority=8
[2026-03-25T05:56:25.656756] Added task TASK-C6A13613 (EMAIL) burst=2s priority=8
[2026-03-25T05:57:25.853899] Added task TASK-4EAE227F (EMAIL) burst=2s priority=8
[2026-03-25T05:58:26.088912] Added task TASK-1F69885A (EMAIL) burst=2s priority=8
[2026-03-31T12:06:17.043652] Added task TASK-35EA052A (EMAIL) burst=2s priority=8
[2026-03-31T12:07:17.365299] Added task TASK-F008C4B7 (EMAIL) burst=2s priority=8
[2026-03-31T12:08:17.563484] Added task TASK-E56ED7AC (EMAIL) burst=2s priority=8
[2026-03-31T12:09:17.784206] Added task TASK-AD6E4A42 (EMAIL) burst=2s priority=8
[2026-03-31T12:10:17.907126] Added task TASK-3A77358A (EMAIL) burst=2s priority=8
[2026-03-31T12:38:38.884329] Added task TASK-656BE244 (EMAIL) burst=2s priority=8
[2026-03-31T12:39:39.012174] Added task TASK-A44D6595 (EMAIL) burst=2s priority=8
[2026-03-31T12:40:39.235946] Added task TASK-EB665FC5 (EMAIL) burst=2s priority=8
[2026-03-31T13:05:53.164663] Added task TASK-D420E905 (EMAIL) burst=2s priority=8
[2026-03-31T13:06:53.601996] Added task TASK-C21F7D92 (EMAIL) burst=2s priority=8
[2026-03-31T13:07:53.881562] Added task TASK-9BABF004 (EMAIL) burst=2s priority=8
[2026-03-31T13:26:43.673300] Added task TASK-DB1DB634 (EMAIL) burst=2s priority=8
