[2026-03-31T13:26:43.700218] Session timeout checker heartbeat
test'}
MON
[2026-03-17T17:06:04.799966] Registered thread notification-daemon (DAEMON)
[2026-03-17T17:06:04.813707] Thread session-timeout-daemon started as TIMER

[2026-03-17T17:06:04.834710] Thread data-sync-daemon started as DAEMON

[2026-03-17T17:06:34.839475] Session timeout checker heartbeat
[2026-03-17T17:06:51.868968] Data sync complete for {'source': 'daemon'}
[2026-03-17T17:09:52.834175] Thread notification-daemon started as DAEMON
[2026-03-17T17:09:53.049607] Registered thread notification-daemon (DAEMON)
[2026-03-17T17:09:53.080763] Thread session-timeout-daemon started as TIMER
[2026-03-17T17:09:53.133716] Registered thread session-timeout-daemon (TIMER)
[2026-03-17T17:09:53.237879] Thread data-sync-daemon started as DAEMON
[2026-03-17T17:09:53.263652] Registered thread data-sync-daemon (DAEMON)
[2026-03-17T17:10:23.136959] Session timeout checker heartbeat
[2026-03-17T17:10:40.273355] Data sync complete for {'source': 'daemon'}
[2026-03-17T17:10:52.968340] Notification daemon checked pending emails
[2026-03-17T17:10:53.154885] Session timeout checker heartbeat
[2026-03-17T17:11:23.169800] Session timeout checker heartbeat
[2026-03-17T17:11:27.358090] Data sync complete for {'source': 'daemon'}
[2026-03-17T17:11:53.072754] Notification daemon checked pending emails
[2026-03-17T17:11:53.184284] Session timeout checker heartbeat
[2026-03-17T17:11:53.427394] Report thread completed payload {'duration': 1}
[2026-03-17T17:11:53.478164] Worker thread report-86421bea finished
[2026-03-17T17:11:54.378520] Validation complete for {'source': 'test'}
[2026-03-17T17:11:54.598358] Worker thread sync-ff018559 finished
[2026-03-17T17:11:54.631699] Worker thread validation-76bc7e54 finished
[2026-03-17T17:12:14.482231] Data sync complete for {'source': 'daemon'}
[2026-03-17T17:12:23.199919] Session timeout checker heartbeat
[2026-03-17T17:12:53.172442] Notification daemon checked pending emails
[2026-03-17T17:12:53.213604] Session timeout checker heartbeat
[2026-03-17T17:13:01.537289] Data sync complete for {'source': 'daemon'}
[2026-03-17T17:13:23.226648] Session timeout checker heartbeat
[2026-03-17T17:13:48.558494] Data sync complete for {'source': 'daemon'}
[2026-03-17T17:13:53.248783] Session timeout checker heartbeat
[2026-03-17T17:13:53.285328] Notification daemon checked pending emails
[2026-03-17T17:14:23.277161] Session timeout checker heartbeat
[2026-03-17T17:14:35.572848] Data sync complete for {'source': 'daemon'}
[2026-03-17T17:14:53.305561] Session timeout checker heartbeat
[2026-03-17T17:14:53.379187] Notification daemon checked pending emails
[2026-03-17T17:15:22.697612] Data sync complete for {'source': 'daemon'}
[2026-03-17T17:15:23.363558] Session timeout checker heartbeat
[2026-03-17T17:15:53.502737] Notification daemon checked pending emails
[2026-03-17T17:15:53.650302] Session timeout checker heartbeat
[2026-03-17T17:16:09.909329] Data sync complete for {'source': 'daemon'}
[2026-03-17T17:16:23.668808] Session timeout checker heartbeat
[2026-03-17T17:16:53.640070] Notification daemon checked pending emails
[2026-03-17T17:16:53.683871] Session timeout checker heartbeat
[2026-03-17T17:16:56.928824] Data sync complete for {'source': 'daemon'}
[2026-03-17T17:17:23.694432] Session timeout checker heartbeat
[2026-03-17T17:17:43.944087] Data sync complete for {'source': 'daemon'}
[2026-03-17T17:17:53.724117] Session timeout checker heartbeat
[2026-03-17T17:17:53.740838] Notification daemon checked pending emails
[2026-03-17T17:18:23.743898] Session timeout checker heartbeat
[2026-03-17T17:18:30.990722] Data sync complete for {'source': 'daemon'}
[2026-03-17T17:18:53.769794] Session timeout checker heartbeat
[2026-03-17T17:18:53.847514] Notification daemon checked pending emails
[2026-03-17T17:19:18.052585] Data sync complete for {'source': 'daemon'}
[2026-03-17T17:19:23.800298] Session timeout checker heartbeat
[2026-03-17T17:19:53.842465] Session timeout checker heartbeat
[2026-03-17T17:19:54.051423] Notification daemon checked pending emails
[2026-03-17T17:20:05.113122] Data sync complete for {'source': 'daemon'}
[2026-03-17T17:20:23.913167] Session timeout checker heartbeat
[2026-03-17T17:20:52.146583] Data sync complete for {'source': 'daemon'}
[2026-03-17T17:20:53.953607] Session timeout checker heartbeat
[2026-03-17T17:20:54.201316] Notification daemon checked pending emails
[2026-03-17T17:21:23.993028] Session timeout checker heartbeat
[2026-03-17T17:21:39.179556] Data sync complete for {'source': 'daemon'}
[2026-03-17T17:21:54.034957] Session timeout checker heartbeat
[2026-03-17T17:21:54.332806] Notification daemon checked pending emails
[2026-03-17T17:22:24.104491] Session timeout checker heartbeat
[2026-03-17T17:22:26.283903] Data sync complete for {'source': 'daemon'}
[2026-03-17T17:22:54.199970] Session timeout checker heartbeat
[2026-03-17T17:22:54.462169] Notification daemon checked pending emails
[2026-03-17T17:23:13.347290] Data sync complete for {'source': 'daemon'}
[2026-03-17T17:23:24.218804] Session timeout checker heartbeat
[2026-03-17T17:23:54.242695] Session timeout checker heartbeat
[2026-03-17T17:23:54.571112] Notification daemon checked pending emails
[2026-03-17T17:24:00.380973] Data sync complete for {'source': 'daemon'}
[2026-03-17T17:24:24.269585] Session timeout checker heartbeat
[2026-03-17T17:24:47.416278] Data sync complete for {'source': 'daemon'}
[2026-03-17T17:24:54.306029] Session timeout checker heartbeat
[2026-03-17T17:24:54.693311] Notification daemon checked pending emails
[2026-03-17T17:25:24.350180] Session timeout checker heartbeat
[2026-03-17T17:25:34.436486] Data sync complete for {'source': 'daemon'}
[2026-03-17T17:25:54.369944] Session timeout checker heartbeat
[2026-03-17T17:25:54.806295] Notification daemon checked pending emails
[2026-03-17T17:26:21.453606] Data sync complete for {'source': 'daemon'}
[2026-03-17T17:26:24.401575] Session timeout checker heartbeat
[2026-03-17T17:26:54.438861] Session timeout checker heartbeat
[2026-03-17T17:26:54.905151] Notification daemon checked pending emails
[2026-03-17T17:27:08.479957] Data sync complete for {'source': 'daemon'}
[2026-03-17T17:27:24.466301] Session timeout checker heartbeat
[2026-03-17T17:27:54.495844] Session timeout checker heartbeat
[2026-03-17T17:27:55.022657] Notification daemon checked pending emails
[2026-03-17T17:27:55.499252] Data sync complete for {'source': 'daemon'}
[2026-03-17T17:50:15.196395] Thread notification-daemon started as DAEMON
[2026-03-17T17:50:15.309771] Registered thread notification-daemon (DAEMON)
[2026-03-17T17:50:15.332092] Thread session-timeout-daemon started as TIMER

[2026-03-17T17:50:15.375711] Registered thread data-sync-daemon (DAEMON)
[2026-03-17T17:50:45.369922] Session timeout checker heartbeat
[2026-03-17T18:07:58.039514] Thread notification-daemon started as DAEMON
[2026-03-17T18:07:58.119665] Registered thread notification-daemon (DAEMON)
[2026-03-17T18:07:58.155099] Registered thread session-timeout-daemon (TIMER)
[2026-03-17T18:07:58.173386] Registered thread data-sync-daemon (DAEMON)
[2026-03-17T18:08:28.160943] Session timeout checker heartbeat
[2026-03-17T18:08:45.185224] Data sync complete for {'source': 'daemon'}
[2026-03-17T18:08:58.145586] Notification daemon checked pending emails
[2026-03-17T18:08:58.190012] Session timeout checker heartbeat
[2026-03-17T18:09:24.359719] Thread notification-daemon started as DAEMON
[2026-03-17T18:09:24.408971] Registered thread notification-daemon (DAEMON)
[2026-03-17T18:09:24.435192] Registered thread session-timeout-daemon (TIMER)
[2026-03-17T18:09:24.438996] Thread data-sync-daemon started as DAEMON

[2026-03-17T18:11:05.191200] Thread notification-daemon started as DAEMON
[2026-03-17T18:11:05.249745] Registered thread notification-daemon (DAEMON)
[2026-03-17T18:11:05.264813] Thread session-timeout-daemon started as TIMER

[2026-03-17T18:11:05.296089] Registered thread data-sync-daemon (DAEMON)
[2026-03-17T18:11:35.296423] Session timeout checker heartbeat
[2026-03-17T18:11:52.302084] Data sync complete for {'source': 'daemon'}
[2026-03-17T18:12:05.327267] Notification daemon checked pending emails
[2026-03-17T18:12:05.333378] Session timeout checker heartbeat
[2026-03-17T18:12:35.433087] Session timeout checker heartbeat
[2026-03-17T18:12:39.352008] Data sync complete for {'source': 'daemon'}
[2026-03-17T18:13:05.446907] Notification daemon checked pending emails
[2026-03-17T18:13:05.495651] Session timeout checker heartbeat
[2026-03-17T18:13:26.385348] Data sync complete for {'source': 'daemon'}
[2026-03-17T18:13:35.508595] Session timeout checker heartbeat
[2026-03-17T18:14:04.680649] Thread notification-daemon started as DAEMON
[2026-03-17T18:14:04.749725] Registered thread notification-daemon (DAEMON)
[2026-03-17T18:14:04.779878] Registered thread session-timeout-daemon (TIMER)
[2026-03-17T18:14:04.804615] Registered thread data-sync-daemon (DAEMON)
[2026-03-17T18:14:34.797267] Session timeout checker heartbeat
[2026-03-17T18:14:51.819911] Data sync complete for {'source': 'daemon'}
[2026-03-17T18:15:04.787352] Notification daemon checked pending emails
[2026-03-17T18:15:04.815187] Session timeout checker heartbeat
[2026-03-17T18:15:12.333380] Report thread completed payload {'duration': 3, 'scope': 'dashboard'}
[2026-03-17T18:15:12.373775] Worker thread report-7b6bb515 finished
[2026-03-17T18:15:34.834356] Session timeout checker heartbeat
[2026-03-17T18:15:38.843649] Data sync complete for {'source': 'daemon'}
[2026-03-17T18:16:04.859598] Session timeout checker heartbeat
[2026-03-17T18:16:04.884211] Notification daemon checked pending emails
[2026-03-17T18:16:25.861406] Data sync complete for {'source': 'daemon'}
[2026-03-17T18:21:08.209652] Thread notification-daemon started as DAEMON
[2026-03-17T18:21:08.291891] Registered thread notification-daemon (DAEMON)
[2026-03-17T18:21:08.307166] Thread session-timeout-daemon started as TIMER

[2026-03-17T18:21:08.329978] Thread data-sync-daemon started as DAEMON

[2026-03-17T18:21:38.334212] Session timeout checker heartbeat
[2026-03-17T18:21:55.371562] Data sync complete for {'source': 'daemon'}
[2026-03-17T18:22:08.386085] Notification daemon checked pending emails
[2026-03-17T18:22:08.402853] Session timeout checker heartbeat
[2026-03-17T18:30:58.225885] Thread notification-daemon started as DAEMON
[2026-03-17T18:30:58.317477] Registered thread notification-daemon (DAEMON)
[2026-03-17T18:30:58.348662] Registered thread session-timeout-daemon (TIMER)
[2026-03-17T18:30:58.354269] Thread data-sync-daemon started as DAEMON

[2026-03-17T18:31:28.356672] Session timeout checker heartbeat
[2026-03-17T18:31:45.393750] Data sync complete for {'source': 'daemon'}
[2026-03-17T18:31:58.363075] Notification daemon checked pending emails
[2026-03-17T18:31:58.402580] Session timeout checker heartbeat
[2026-03-17T18:42:43.681103] Thread notification-daemon started as DAEMON
[2026-03-17T18:42:43.750270] Registered thread notification-daemon (DAEMON)
[2026-03-17T18:42:43.765034] Thread session-timeout-daemon started as TIMER

[2026-03-17T18:42:43.806700] Registered thread data-sync-daemon (DAEMON)
[2026-03-17T18:43:13.794797] Session timeout checker heartbeat
[2026-03-17T18:43:30.826433] Data sync complete for {'source': 'daemon'}
[2026-03-17T18:56:06.613861] Thread notification-daemon started as DAEMON
[2026-03-17T18:56:06.689134] Registered thread notification-daemon (DAEMON)
[2026-03-17T18:56:06.724192] Registered thread session-timeout-daemon (TIMER)
[2026-03-17T18:56:06.753398] Registered thread data-sync-daemon (DAEMON)
[2026-03-17T18:56:36.741287] Session timeout checker heartbeat
[2026-03-17T18:56:53.771127] Data sync complete for {'source': 'daemon'}
[2026-03-17T18:57:06.747975] Notification daemon checked pending emails
[2026-03-17T18:57:06.805021] Session timeout checker heartbeat
[2026-03-17T18:57:36.906895] Session timeout checker heartbeat
[2026-03-17T18:57:40.810490] Data sync complete for {'source': 'daemon'}
[2026-03-17T19:01:55.018483] Thread notification-daemon started as DAEMON
[2026-03-17T19:01:55.096705] Registered thread notification-daemon (DAEMON)
[2026-03-17T19:01:55.133662] Registered thread session-timeout-daemon (TIMER)
[2026-03-17T19:01:55.170392] Registered thread data-sync-daemon (DAEMON)
[2026-03-17T19:02:25.184714] Session timeout checker heartbeat
[2026-03-25T05:28:19.834501] Thread notification-daemon started as DAEMON
[2026-03-25T05:28:19.917210] Registered thread notification-daemon (DAEMON)
[2026-03-25T05:28:19.957131] Registered thread session-timeout-daemon (TIMER)
[2026-03-25T05:28:19.964285] Thread data-sync-daemon started as DAEMON
[2026-03-25T05:28:19.991834] Registered thread data-sync-daemon (DAEMON)
[2026-03-25T05:28:49.977048] Session timeout checker heartbeat
[2026-03-25T05:29:06.995789] Data sync complete for {'source': 'daemon'}
[2026-03-25T05:29:20.090519] Notification daemon checked pending emails
[2026-03-25T05:29:50.239958] Session timeout checker heartbeat
[2026-03-25T05:29:54.070960] Data sync complete for {'source': 'daemon'}
[2026-03-25T05:30:20.340852] Session timeout checker heartbeat
[2026-03-25T05:30:41.140180] Data sync complete for {'source': 'daemon'}
[2026-03-25T05:30:50.421278] Session timeout checker heartbeat
[2026-03-25T05:31:20.448388] Session timeout checker heartbeat
[2026-03-25T05:31:20.518826] Notification daemon checked pending emails
[2026-03-25T05:31:28.275835] Data sync complete for {'source': 'daemon'}
[2026-03-25T05:31:50.486792] Session timeout checker heartbeat
[2026-03-25T05:32:15.339844] Data sync complete for {'source': 'daemon'}
[2026-03-25T05:32:20.586771] Session timeout checker heartbeat
[2026-03-25T05:32:20.734461] Notification daemon checked pending emails
[2026-03-25T05:32:50.665961] Session timeout checker heartbeat
[2026-03-25T05:33:02.406094] Data sync complete for {'source': 'daemon'}
[2026-03-25T05:33:20.723105] Session timeout checker heartbeat
[2026-03-25T05:33:20.915022] Notification daemon checked pending emails
[2026-03-25T05:33:49.455496] Data sync complete for {'source': 'daemon'}
[2026-03-25T05:33:50.769978] Session timeout checker heartbeat
[2026-03-25T05:34:20.799666] Session timeout checker heartbeat
[2026-03-25T05:34:21.038753] Notification daemon checked pending emails
[2026-03-25T05:34:36.526374] Data sync complete for {'source': 'daemon'}
[2026-03-25T05:34:50.842752] Session timeout checker heartbeat
[2026-03-25T05:35:20.921495] Session timeout checker heartbeat
[2026-03-25T05:35:21.259058] Notification daemon checked pending emails
[2026-03-25T05:35:23.565144] Data sync complete for {'source': 'daemon'}
[2026-03-25T05:35:50.981362] Session timeout checker heartbeat
[2026-03-25T05:36:10.619630] Data sync complete for {'source': 'daemon'}
[2026-03-25T05:36:21.040780] Session timeout checker heartbeat
[2026-03-25T05:36:21.513050] Notification daemon checked pending emails
[2026-03-25T05:36:51.068422] Session timeout checker heartbeat
[2026-03-25T05:36:57.668774] Data sync complete for {'source': 'daemon'}
[2026-03-25T05:37:21.112710] Session timeout checker heartbeat
[2026-03-25T05:37:21.730410] Notification daemon checked pending emails
[2026-03-25T05:37:44.741988] Data sync complete for {'source': 'daemon'}
[2026-03-25T05:37:51.159591] Session timeout checker heartbeat
[2026-03-25T05:38:21.224623] Session timeout checker heartbeat
[2026-03-25T05:38:22.044655] Notification daemon checked pending emails
[2026-03-25T05:38:31.954990] Data sync complete for {'source': 'daemon'}
[2026-03-25T05:38:51.267363] Session timeout checker heartbeat
[2026-03-25T05:39:19.055225] Data sync complete for {'source': 'daemon'}
[2026-03-25T05:39:21.318419] Session timeout checker heartbeat
[2026-03-25T05:39:22.185995] Notification daemon checked pending emails
[2026-03-25T05:39:51.397362] Session timeout checker heartbeat
[2026-03-25T05:40:06.119919] Data sync complete for {'source': 'daemon'}
[2026-03-25T05:40:21.451312] Session timeout checker heartbeat
[2026-03-25T05:40:22.320323] Notification daemon checked pending emails
[2026-03-25T05:40:51.514607] Session timeout checker heartbeat
[2026-03-25T05:40:53.139990] Data sync complete for {'source': 'daemon'}
[2026-03-25T05:41:21.580385] Session timeout checker heartbeat
[2026-03-25T05:41:22.470991] Notification daemon checked pending emails
[2026-03-25T05:41:40.201586] Data sync complete for {'source': 'daemon'}
[2026-03-25T05:41:51.644714] Session timeout checker heartbeat
[2026-03-25T05:42:21.736631] Session timeout checker heartbeat
[2026-03-25T05:42:22.679975] Notification daemon checked pending emails
[2026-03-25T05:42:27.284882] Data sync complete for {'source': 'daemon'}
[2026-03-25T05:42:51.953966] Session timeout checker heartbeat
[2026-03-25T05:43:14.344732] Data sync complete for {'source': 'daemon'}
[2026-03-25T05:43:22.017501] Session timeout checker heartbeat
[2026-03-25T05:43:22.855972] Notification daemon checked pending emails
[2026-03-25T05:43:52.057295] Session timeout checker heartbeat
[2026-03-25T05:44:01.395507] Data sync complete for {'source': 'daemon'}
[2026-03-25T05:44:22.098918] Session timeout checker heartbeat
[2026-03-25T05:44:23.343294] Notification daemon checked pending emails
[2026-03-25T05:44:48.419166] Data sync complete for {'source': 'daemon'}
[2026-03-25T05:44:52.211707] Session timeout checker heartbeat
[2026-03-25T05:45:22.270953] Session timeout checker heartbeat
[2026-03-25T05:45:23.614824] Notification daemon checked pending emails
[2026-03-25T05:45:35.448274] Data sync complete for {'source': 'daemon'}
[2026-03-25T05:45:52.427331] Session timeout checker heartbeat
[2026-03-25T05:46:22.488557] Data sync complete for {'source': 'daemon'}
[2026-03-25T05:46:23.793606] Notification daemon checked pending emails
[2026-03-25T05:46:52.528554] Session timeout checker heartbeat
[2026-03-25T05:47:09.547350] Data sync complete for {'source': 'daemon'}
[2026-03-25T05:47:22.563876] Session timeout checker heartbeat
[2026-03-25T05:47:23.970507] Notification daemon checked pending emails
[2026-03-25T05:47:52.592055] Session timeout checker heartbeat
[2026-03-25T05:47:56.576566] Data sync complete for {'source': 'daemon'}
[2026-03-25T05:48:22.611313] Session timeout checker heartbeat
[2026-03-25T05:48:24.131452] Notification daemon checked pending emails
[2026-03-25T05:48:43.601674] Data sync complete for {'source': 'daemon'}
[2026-03-25T05:48:52.656450] Session timeout checker heartbeat
[2026-03-25T05:49:22.699095] Session timeout checker heartbeat
[2026-03-25T05:49:24.402598] Notification daemon checked pending emails
[2026-03-25T05:49:30.673694] Data sync complete for {'source': 'daemon'}
[2026-03-25T05:49:52.747949] Session timeout checker heartbeat
[2026-03-25T05:50:17.706310] Data sync complete for {'source': 'daemon'}
[2026-03-25T05:50:22.784871] Session timeout checker heartbeat
[2026-03-25T05:50:24.618514] Notification daemon checked pending emails
[2026-03-25T05:50:52.835160] Session timeout checker heartbeat
[2026-03-25T05:51:04.789482] Data sync complete for {'source': 'daemon'}
[2026-03-25T05:51:22.894084] Session timeout checker heartbeat
[2026-03-25T05:51:24.755650] Notification daemon checked pending emails
[2026-03-25T05:51:51.840701] Data sync complete for {'source': 'daemon'}
[2026-03-25T05:51:52.924496] Session timeout checker heartbeat
[2026-03-25T05:52:22.970942] Session timeout checker heartbeat
[2026-03-25T05:52:24.956444] Notification daemon checked pending emails
[2026-03-25T05:52:38.913769] Data sync complete for {'source': 'daemon'}
[2026-03-25T05:52:53.013726] Session timeout checker heartbeat
[2026-03-25T05:53:23.070569] Session timeout checker heartbeat
[2026-03-25T05:53:25.138754] Notification daemon checked pending emails
[2026-03-25T05:53:25.964834] Data sync complete for {'source': 'daemon'}
[2026-03-25T05:53:53.153351] Session timeout checker heartbeat
[2026-03-25T05:54:13.021281] Data sync complete for {'source': 'daemon'}
[2026-03-25T05:54:23.197526] Session timeout checker heartbeat
[2026-03-25T05:54:25.331257] Notification daemon checked pending emails
[2026-03-25T05:54:53.243358] Session timeout checker heartbeat
[2026-03-25T05:55:00.076537] Data sync complete for {'source': 'daemon'}
[2026-03-25T05:55:23.296021] Session timeout checker heartbeat
[2026-03-25T05:55:25.552049] Notification daemon checked pending emails
[2026-03-25T05:55:47.128434] Data sync complete for {'source': 'daemon'}
[2026-03-25T05:55:53.371356] Session timeout checker heartbeat
[2026-03-25T05:56:23.429327] Session timeout checker heartbeat
[2026-03-25T05:56:25.708592] Notification daemon checked pending emails
[2026-03-25T05:56:34.196037] Data sync complete for {'source': 'daemon'}
[2026-03-25T05:56:53.464230] Session timeout checker heartbeat
[2026-03-25T05:57:21.221001] Data sync complete for {'source': 'daemon'}
[2026-03-25T05:57:23.519210] Session timeout checker heartbeat
[2026-03-25T05:57:25.927078] Notification daemon checked pending emails
[2026-03-25T05:57:53.600448] Session timeout checker heartbeat
[2026-03-25T05:58:08.278658] Data sync complete for {'source': 'daemon'}
[2026-03-25T05:58:23.681132] Session timeout checker heartbeat
[2026-03-25T05:58:26.156572] Notification daemon checked pending emails
[2026-03-31T12:05:16.933934] Thread notification-daemon started as DAEMON
[2026-03-31T12:05:17.114124] Registered thread notification-daemon (DAEMON)
[2026-03-31T12:05:17.170915] Thread session-timeout-daemon started as TIMER
[2026-03-31T12:05:17.253636] Thread data-sync-daemon started as DAEMON
[2026-03-31T12:05:17.291697] Registered thread data-sync-daemon (DAEMON)
[2026-03-31T12:05:47.259706] Session timeout checker heartbeat
[2026-03-31T12:06:04.282814] Data sync complete for {'source': 'daemon'}
[2026-03-31T12:06:17.098423] Notification daemon checked pending emails
[2026-03-31T12:06:17.408117] Session timeout checker heartbeat
[2026-03-31T12:06:47.485396] Session timeout checker heartbeat
[2026-03-31T12:06:51.322627] Data sync complete for {'source': 'daemon'}
[2026-03-31T12:07:17.405503] Notification daemon checked pending emails
[2026-03-31T12:07:17.635563] Session timeout checker heartbeat
[2026-03-31T12:07:38.365530] Data sync complete for {'source': 'daemon'}
[2026-03-31T12:07:47.662532] Session timeout checker heartbeat
[2026-03-31T12:08:17.654275] Notification daemon checked pending emails
[2026-03-31T12:08:17.701593] Session timeout checker heartbeat
[2026-03-31T12:08:25.426936] Data sync complete for {'source': 'daemon'}
[2026-03-31T12:08:47.733773] Session timeout checker heartbeat
[2026-03-31T12:09:12.519855] Data sync complete for {'source': 'daemon'}
[2026-03-31T12:09:17.778769] Session timeout checker heartbeat
[2026-03-31T12:09:17.807990] Notification daemon checked pending emails
[2026-03-31T12:09:47.815185] Session timeout checker heartbeat
[2026-03-31T12:09:59.599035] Data sync complete for {'source': 'daemon'}
[2026-03-31T12:10:17.855605] Session timeout checker heartbeat
[2026-03-31T12:10:17.922598] Notification daemon checked pending emails
[2026-03-31T12:10:46.658960] Data sync complete for {'source': 'daemon'}
[2026-03-31T12:10:47.875379] Session timeout checker heartbeat
[2026-03-31T12:38:38.761051] Session timeout checker heartbeat
[2026-03-31T12:38:38.896721] Notification daemon checked pending emails
[2026-03-31T12:38:54.579472] Data sync complete for {'source': 'daemon'}
[2026-03-31T12:39:08.784937] Session timeout checker heartbeat
[2026-03-31T12:39:38.855751] Session timeout checker heartbeat
[2026-03-31T12:39:39.042688] Notification daemon checked pending emails
[2026-03-31T12:39:41.604957] Data sync complete for {'source': 'daemon'}
[2026-03-31T12:40:08.992113] Session timeout checker heartbeat
[2026-03-31T12:40:28.625649] Data sync complete for {'source': 'daemon'}
[2026-03-31T12:40:39.024247] Session timeout checker heartbeat
[2026-03-31T12:40:39.303246] Notification daemon checked pending emails
[2026-03-31T13:04:53.020272] Thread notification-daemon started as DAEMON
[2026-03-31T13:04:53.122161] Registered thread notification-daemon (DAEMON)
[2026-03-31T13:04:53.157870] Thread session-timeout-daemon started as TIMER
[2026-03-31T13:04:53.185742] Registered thread session-timeout-daemon (TIMER)
[2026-03-31T13:04:53.208291] Thread data-sync-daemon started as DAEMON

[2026-03-31T13:05:23.216591] Session timeout checker heartbeat
[2026-03-31T13:05:40.248721] Data sync complete for {'source': 'daemon'}
[2026-03-31T13:05:53.248646] Notification daemon checked pending emails
[2026-03-31T13:06:23.393836] Session timeout checker heartbeat
[2026-03-31T13:06:27.511936] Data sync complete for {'source': 'daemon'}
[2026-03-31T13:06:53.558249] Session timeout checker heartbeat
[2026-03-31T13:06:53.671626] Notification daemon checked pending emails
[2026-03-31T13:07:14.574594] Data sync complete for {'source': 'daemon'}
[2026-03-31T13:07:23.812999] Session timeout checker heartbeat
[2026-03-31T13:07:53.901393] Session timeout checker heartbeat
[2026-03-31T13:25:43.383552] Thread notification-daemon started as DAEMON
[2026-03-31T13:25:43.573561] Registered thread notification-daemon (DAEMON)
[2026-03-31T13:25:43.605808] Thread session-timeout-daemon started as TIMER

[2026-03-31T13:25:43.670208] Registered thread data-sync-daemon (DAEMON)
[2026-03-31T13:26:13.651796] Session timeout checker heartbeat
[2026-03-31T13:26:30.732087] Data sync complete for {'source': 'daemon'}
[2026-03-31T13:26:43.714559] Notification daemon checked pending emails
[2026-03-31T13:27:13.851494] Session timeout checker heartbeat
[2026-03-31T13:27:18.078668] Data sync complete for {'source': 'daemon'}
